TN:
SF:dist/app.js
FN:1,Object.<anonymous>
FN:2,Object.<anonymous>.__importDefault
FNF:2
FNH:2
FNDA:1,Object.<anonymous>
FNDA:7,Object.<anonymous>.__importDefault
DA:1,1
DA:2,1
DA:3,7
DA:4,1
DA:5,1
DA:6,1
DA:7,1
DA:8,1
DA:9,1
DA:10,1
DA:11,1
DA:12,1
DA:13,1
DA:14,1
DA:15,1
DA:16,1
DA:17,1
DA:18,1
DA:19,0
DA:20,1
DA:21,1
DA:22,1
DA:23,1
DA:24,1
DA:25,1
DA:26,1
DA:27,1
DA:28,1
DA:29,0
DA:30,1
DA:31,1
LF:31
LH:29
BRDA:1,0,0,1
BRDA:1,1,0,1
BRDA:2,2,0,7
BRDA:3,3,0,2
BRDA:3,4,0,5
BRDA:15,5,0,1
BRF:6
BRH:6
end_of_record
TN:
SF:dist/config/database.config.js
FN:1,Object.<anonymous>
FNF:1
FNH:1
FNDA:1,Object.<anonymous>
DA:1,1
DA:2,1
DA:3,1
DA:4,1
DA:5,1
DA:6,1
DA:7,1
DA:8,1
DA:9,1
LF:9
LH:9
BRDA:1,0,0,1
BRDA:1,1,0,1
BRF:2
BRH:2
end_of_record
TN:
SF:dist/controller/emailService.js
FN:1,Object.<anonymous>
FN:2,Object.<anonymous>.__importDefault
FN:9,sendMail
FNF:3
FNH:3
FNDA:1,Object.<anonymous>
FNDA:1,Object.<anonymous>.__importDefault
FNDA:1,sendMail
DA:1,1
DA:2,1
DA:3,1
DA:4,1
DA:5,1
DA:6,1
DA:7,1
DA:8,1
DA:9,1
DA:10,1
DA:11,1
DA:12,1
DA:13,1
DA:14,1
DA:15,1
DA:16,1
DA:17,1
DA:18,1
DA:19,1
DA:20,1
DA:21,1
DA:22,1
DA:23,1
DA:24,1
DA:25,1
DA:26,1
DA:27,1
DA:28,1
DA:29,1
DA:30,0
DA:31,0
DA:32,1
DA:33,1
DA:34,1
DA:35,1
DA:36,1
DA:37,1
DA:38,1
DA:39,0
DA:40,0
DA:41,1
DA:42,1
LF:42
LH:38
BRDA:1,0,0,1
BRDA:1,1,0,1
BRDA:2,2,0,1
BRDA:3,3,0,0
BRDA:9,4,0,1
BRDA:38,5,0,0
BRDA:27,6,0,1
BRDA:28,7,0,1
BRDA:29,8,0,0
BRF:9
BRH:6
end_of_record
TN:
SF:dist/controller/mailSender.js
FN:1,Object.<anonymous>
FN:4,emailVerificationView
FNF:2
FNH:2
FNDA:1,Object.<anonymous>
FNDA:1,emailVerificationView
DA:1,1
DA:2,1
DA:3,1
DA:4,1
DA:5,1
DA:6,1
DA:7,1
DA:8,1
DA:9,1
DA:10,1
DA:11,1
DA:12,1
DA:13,1
DA:14,1
DA:15,1
DA:16,1
DA:17,1
DA:18,1
DA:19,1
DA:20,1
DA:21,1
LF:21
LH:21
BRDA:1,0,0,1
BRDA:1,1,0,1
BRDA:4,2,0,1
BRF:3
BRH:3
end_of_record
TN:
SF:dist/controller/users.js
FN:1,Object.<anonymous>
FN:2,Object.<anonymous>.__importDefault
FN:18,RegisterUser
FN:86,verifyUser
FN:96,LoginUser
FN:151,forgotPassword
FN:176,changePassword
FN:210,Updateprofile
FNF:8
FNH:4
FNDA:1,Object.<anonymous>
FNDA:2,Object.<anonymous>.__importDefault
FNDA:1,RegisterUser
FNDA:0,verifyUser
FNDA:3,LoginUser
FNDA:0,forgotPassword
FNDA:0,changePassword
FNDA:0,Updateprofile
DA:1,1
DA:2,1
DA:3,2
DA:4,1
DA:5,1
DA:6,1
DA:7,1
DA:8,1
DA:9,1
DA:10,1
DA:11,1
DA:12,1
DA:13,1
DA:14,1
DA:15,1
DA:16,1
DA:17,1
DA:18,1
DA:19,1
DA:20,1
DA:21,1
DA:22,1
DA:23,0
DA:24,0
DA:25,0
DA:26,0
DA:27,1
DA:28,1
DA:29,1
DA:30,1
DA:31,0
DA:32,0
DA:33,0
DA:34,0
DA:35,1
DA:36,1
DA:37,1
DA:38,1
DA:39,0
DA:40,0
DA:41,0
DA:42,0
DA:43,1
DA:44,1
DA:45,1
DA:46,1
DA:47,0
DA:48,0
DA:49,0
DA:50,0
DA:51,1
DA:52,1
DA:53,1
DA:54,1
DA:55,1
DA:56,1
DA:57,1
DA:58,1
DA:59,1
DA:60,1
DA:61,1
DA:62,1
DA:63,1
DA:64,1
DA:65,1
DA:66,1
DA:67,1
DA:68,1
DA:69,1
DA:70,1
DA:71,1
DA:72,1
DA:73,1
DA:74,1
DA:75,1
DA:76,1
DA:77,1
DA:78,0
DA:79,0
DA:80,0
DA:81,0
DA:82,0
DA:83,0
DA:84,1
DA:85,1
DA:86,0
DA:87,0
DA:88,0
DA:89,0
DA:90,0
DA:91,0
DA:92,0
DA:93,0
DA:94,0
DA:95,1
DA:96,3
DA:97,3
DA:98,3
DA:99,3
DA:100,0
DA:101,0
DA:102,0
DA:103,0
DA:104,3
DA:105,3
DA:106,3
DA:107,3
DA:108,1
DA:109,1
DA:110,3
DA:111,2
DA:112,3
DA:113,3
DA:114,1
DA:115,1
DA:116,1
DA:117,1
DA:118,1
DA:119,2
DA:120,2
DA:121,2
DA:122,2
DA:123,2
DA:124,2
DA:125,0
DA:126,0
DA:127,0
DA:128,0
DA:129,2
DA:130,2
DA:131,2
DA:132,2
DA:133,2
DA:134,2
DA:135,2
DA:136,2
DA:137,2
DA:138,2
DA:139,2
DA:140,2
DA:141,2
DA:142,3
DA:143,3
DA:144,0
DA:145,0
DA:146,0
DA:147,0
DA:148,0
DA:149,3
DA:150,1
DA:151,0
DA:152,0
DA:153,0
DA:154,0
DA:155,0
DA:156,0
DA:157,0
DA:158,0
DA:159,0
DA:160,0
DA:161,0
DA:162,0
DA:163,0
DA:164,0
DA:165,0
DA:166,0
DA:167,0
DA:168,0
DA:169,0
DA:170,0
DA:171,0
DA:172,0
DA:173,0
DA:174,0
DA:175,1
DA:176,0
DA:177,0
DA:178,0
DA:179,0
DA:180,0
DA:181,0
DA:182,0
DA:183,0
DA:184,0
DA:185,0
DA:186,0
DA:187,0
DA:188,0
DA:189,0
DA:190,0
DA:191,0
DA:192,0
DA:193,0
DA:194,0
DA:195,0
DA:196,0
DA:197,0
DA:198,0
DA:199,0
DA:200,0
DA:201,0
DA:202,0
DA:203,0
DA:204,0
DA:205,0
DA:206,0
DA:207,0
DA:208,0
DA:209,1
DA:210,0
DA:211,0
DA:212,0
DA:213,0
DA:214,0
DA:215,0
DA:216,0
DA:217,0
DA:218,0
DA:219,0
DA:220,0
DA:221,0
DA:222,0
DA:223,0
DA:224,0
DA:225,0
DA:226,0
DA:227,0
DA:228,0
DA:229,0
DA:230,0
DA:231,0
DA:232,0
DA:233,0
DA:234,0
DA:235,0
DA:236,0
DA:237,0
DA:238,0
DA:239,0
DA:240,0
DA:241,0
DA:242,0
DA:243,1
LF:243
LH:109
BRDA:1,0,0,1
BRDA:1,1,0,1
BRDA:2,2,0,2
BRDA:3,3,0,0
BRDA:18,4,0,1
BRDA:22,5,0,0
BRDA:30,6,0,0
BRDA:38,7,0,0
BRDA:46,8,0,0
BRDA:77,9,0,0
BRDA:96,10,0,3
BRDA:99,11,0,0
BRDA:107,12,0,1
BRDA:110,13,0,2
BRDA:113,14,0,1
BRDA:119,15,0,2
BRDA:124,16,0,0
BRDA:143,17,0,0
BRF:18
BRH:9
end_of_record
TN:
SF:dist/email/emailVerification.js
FN:1,Object.<anonymous>
FN:2,Object.<anonymous>.__importDefault
FN:9,forgotPasswordVerification
FNF:3
FNH:2
FNDA:1,Object.<anonymous>
FNDA:1,Object.<anonymous>.__importDefault
FNDA:0,forgotPasswordVerification
DA:1,1
DA:2,1
DA:3,1
DA:4,1
DA:5,1
DA:6,1
DA:7,1
DA:8,1
DA:9,0
DA:10,0
DA:11,0
DA:12,0
DA:13,0
DA:14,0
DA:15,0
DA:16,0
DA:17,0
DA:18,0
DA:19,0
DA:20,0
DA:21,0
DA:22,0
DA:23,0
DA:24,0
DA:25,1
LF:25
LH:9
BRDA:1,0,0,1
BRDA:1,1,0,1
BRDA:2,2,0,1
BRDA:3,3,0,0
BRF:4
BRH:3
end_of_record
TN:
SF:dist/models/user.js
FN:1,Object.<anonymous>
FN:2,Object.<anonymous>.__importDefault
FNF:2
FNH:2
FNDA:1,Object.<anonymous>
FNDA:1,Object.<anonymous>.__importDefault
DA:1,1
DA:2,1
DA:3,1
DA:4,1
DA:5,1
DA:6,1
DA:7,1
DA:8,1
DA:9,1
DA:10,1
DA:11,1
DA:12,1
DA:13,1
DA:14,1
DA:15,1
DA:16,1
DA:17,1
DA:18,1
DA:19,1
DA:20,1
DA:21,1
DA:22,1
DA:23,1
DA:24,1
DA:25,1
DA:26,1
DA:27,1
DA:28,1
DA:29,1
DA:30,1
DA:31,1
DA:32,1
DA:33,1
DA:34,1
DA:35,1
DA:36,1
DA:37,1
DA:38,1
DA:39,1
DA:40,1
DA:41,1
DA:42,1
DA:43,1
DA:44,1
DA:45,1
DA:46,1
DA:47,1
DA:48,1
DA:49,1
DA:50,1
DA:51,1
DA:52,1
DA:53,1
LF:53
LH:53
BRDA:1,0,0,1
BRDA:1,1,0,1
BRDA:2,2,0,1
BRDA:3,3,0,0
BRF:4
BRH:3
end_of_record
TN:
SF:dist/routes/user.js
FN:1,Object.<anonymous>
FN:2,Object.<anonymous>.__importDefault
FNF:2
FNH:2
FNDA:1,Object.<anonymous>
FNDA:1,Object.<anonymous>.__importDefault
DA:1,1
DA:2,1
DA:3,1
DA:4,1
DA:5,1
DA:6,1
DA:7,1
DA:8,1
DA:9,1
DA:10,1
DA:11,0
DA:12,0
DA:13,0
DA:14,1
DA:15,1
DA:16,1
DA:17,1
DA:18,1
DA:19,1
DA:20,1
LF:20
LH:17
BRDA:1,0,0,1
BRDA:1,1,0,1
BRDA:2,2,0,1
BRDA:3,3,0,0
BRF:4
BRH:3
end_of_record
TN:
SF:dist/utils/utils.js
FN:1,Object.<anonymous>
FN:2,Object.<anonymous>.__importDefault
FN:8,generateToken
FNF:3
FNH:3
FNDA:1,Object.<anonymous>
FNDA:1,Object.<anonymous>.__importDefault
FNDA:2,generateToken
DA:1,1
DA:2,1
DA:3,1
DA:4,1
DA:5,1
DA:6,1
DA:7,1
DA:8,1
DA:9,2
DA:10,2
DA:11,1
DA:12,1
LF:12
LH:12
BRDA:1,0,0,1
BRDA:1,1,0,1
BRDA:2,2,0,1
BRDA:3,3,0,0
BRDA:8,4,0,2
BRF:5
BRH:4
end_of_record
TN:
SF:dist/utils/validation.js
FN:1,Object.<anonymous>
FN:2,Object.<anonymous>.__importDefault
FN:37,generateToken
FNF:3
FNH:2
FNDA:1,Object.<anonymous>
FNDA:3,Object.<anonymous>.__importDefault
FNDA:0,generateToken
DA:1,1
DA:2,1
DA:3,3
DA:4,1
DA:5,1
DA:6,1
DA:7,1
DA:8,1
DA:9,1
DA:10,1
DA:11,1
DA:12,1
DA:13,1
DA:14,1
DA:15,1
DA:16,1
DA:17,1
DA:18,1
DA:19,1
DA:20,1
DA:21,1
DA:22,1
DA:23,1
DA:24,1
DA:25,1
DA:26,1
DA:27,1
DA:28,1
DA:29,1
DA:30,1
DA:31,1
DA:32,1
DA:33,1
DA:34,1
DA:35,1
DA:36,1
DA:37,1
DA:38,0
DA:39,0
DA:40,1
DA:41,1
DA:42,1
DA:43,1
DA:44,1
DA:45,1
DA:46,1
DA:47,1
DA:48,1
DA:49,1
DA:50,1
DA:51,1
DA:52,1
DA:53,1
DA:54,1
DA:55,1
DA:56,1
DA:57,1
DA:58,1
DA:59,1
DA:60,1
DA:61,1
DA:62,1
DA:63,1
LF:63
LH:61
BRDA:1,0,0,1
BRDA:1,1,0,1
BRDA:2,2,0,3
BRDA:3,3,0,0
BRF:4
BRH:3
end_of_record
TN:
SF:src/app.ts
FNF:0
FNH:0
DA:1,1
DA:2,1
DA:3,1
DA:4,1
DA:5,1
DA:6,1
DA:7,1
DA:8,1
DA:9,1
DA:10,1
DA:11,1
DA:12,1
DA:13,1
DA:14,1
DA:15,1
DA:16,1
DA:17,0
DA:18,1
DA:19,1
DA:20,1
DA:21,1
DA:22,1
DA:23,1
DA:24,1
DA:25,1
DA:26,1
DA:27,1
DA:28,1
DA:29,1
DA:30,1
DA:31,0
DA:32,1
DA:33,1
DA:34,1
LF:34
LH:32
BRDA:13,0,0,1
BRF:1
BRH:1
end_of_record
TN:
SF:src/config/database.config.ts
FNF:0
FNH:0
DA:1,1
DA:2,1
DA:3,1
DA:4,1
DA:5,1
DA:6,1
DA:7,1
DA:8,1
DA:9,1
LF:9
LH:9
BRF:0
BRH:0
end_of_record
TN:
SF:src/controller/emailService.ts
FN:4,sendMail
FNF:1
FNH:1
FNDA:1,sendMail
DA:1,1
DA:2,1
DA:3,1
DA:4,1
DA:5,1
DA:6,1
DA:7,1
DA:8,1
DA:9,1
DA:10,1
DA:11,1
DA:12,1
DA:13,1
DA:14,1
DA:15,1
DA:16,1
DA:17,1
DA:18,1
DA:19,1
DA:20,1
DA:21,1
DA:22,1
DA:23,1
DA:24,1
DA:25,1
DA:26,1
DA:27,1
DA:28,1
DA:29,1
DA:30,1
DA:31,1
DA:32,0
DA:33,1
DA:34,1
DA:35,1
DA:36,1
DA:37,1
DA:38,1
DA:39,0
DA:40,0
DA:41,1
LF:41
LH:38
BRDA:4,0,0,1
BRDA:38,1,0,0
BRDA:29,2,0,1
BRDA:30,3,0,1
BRDA:31,4,0,0
BRF:5
BRH:3
end_of_record
TN:
SF:src/controller/mailSender.ts
FN:1,emailVerificationView
FNF:1
FNH:1
FNDA:1,emailVerificationView
DA:1,1
DA:2,1
DA:3,1
DA:4,1
DA:5,1
DA:6,1
DA:7,1
DA:8,1
DA:9,1
DA:10,1
DA:11,1
DA:12,1
DA:13,1
DA:14,1
DA:15,1
DA:16,1
DA:17,1
DA:18,1
DA:19,1
DA:20,1
LF:20
LH:20
BRDA:1,0,0,1
BRF:1
BRH:1
end_of_record
TN:
SF:src/controller/users.ts
FN:20,RegisterUser
FN:95,verifyUser
FN:105,LoginUser
FN:167,forgotPassword
FN:196,changePassword
FN:232,Updateprofile
FNF:6
FNH:2
FNDA:1,RegisterUser
FNDA:0,verifyUser
FNDA:3,LoginUser
FNDA:0,forgotPassword
FNDA:0,changePassword
FNDA:0,Updateprofile
DA:1,1
DA:2,1
DA:3,1
DA:4,1
DA:5,1
DA:6,1
DA:7,1
DA:8,1
DA:9,1
DA:10,1
DA:11,1
DA:12,1
DA:13,1
DA:14,1
DA:15,1
DA:16,1
DA:17,1
DA:18,1
DA:19,1
DA:20,1
DA:21,1
DA:22,1
DA:23,1
DA:24,1
DA:25,1
DA:26,1
DA:27,1
DA:28,1
DA:29,0
DA:30,0
DA:31,0
DA:32,0
DA:33,1
DA:34,1
DA:35,1
DA:36,1
DA:37,0
DA:38,0
DA:39,0
DA:40,0
DA:41,1
DA:42,1
DA:43,1
DA:44,1
DA:45,1
DA:46,0
DA:47,0
DA:48,0
DA:49,0
DA:50,1
DA:51,1
DA:52,1
DA:53,1
DA:54,1
DA:55,1
DA:56,0
DA:57,0
DA:58,0
DA:59,0
DA:60,1
DA:61,1
DA:62,1
DA:63,1
DA:64,1
DA:65,1
DA:66,1
DA:67,1
DA:68,1
DA:69,1
DA:70,1
DA:71,1
DA:72,1
DA:73,1
DA:74,1
DA:75,1
DA:76,1
DA:77,1
DA:78,1
DA:79,1
DA:80,1
DA:81,1
DA:82,1
DA:83,1
DA:84,1
DA:85,1
DA:86,1
DA:87,0
DA:88,0
DA:89,0
DA:90,0
DA:91,0
DA:92,0
DA:93,1
DA:94,1
DA:95,1
DA:96,0
DA:97,0
DA:98,0
DA:99,0
DA:100,0
DA:101,0
DA:102,0
DA:103,0
DA:104,1
DA:105,1
DA:106,3
DA:107,3
DA:108,3
DA:109,3
DA:110,3
DA:111,3
DA:112,3
DA:113,0
DA:114,0
DA:115,0
DA:116,0
DA:117,3
DA:118,3
DA:119,3
DA:120,3
DA:121,1
DA:122,1
DA:123,3
DA:124,2
DA:125,3
DA:126,3
DA:127,3
DA:128,1
DA:129,1
DA:130,1
DA:131,1
DA:132,3
DA:133,2
DA:134,2
DA:135,2
DA:136,2
DA:137,2
DA:138,2
DA:139,2
DA:140,0
DA:141,0
DA:142,0
DA:143,0
DA:144,2
DA:145,2
DA:146,2
DA:147,2
DA:148,2
DA:149,2
DA:150,2
DA:151,2
DA:152,2
DA:153,2
DA:154,2
DA:155,2
DA:156,2
DA:157,2
DA:158,2
DA:159,3
DA:160,0
DA:161,0
DA:162,0
DA:163,0
DA:164,0
DA:165,3
DA:166,1
DA:167,1
DA:168,0
DA:169,0
DA:170,0
DA:171,0
DA:172,0
DA:173,0
DA:174,0
DA:175,0
DA:176,0
DA:177,0
DA:178,0
DA:179,0
DA:180,0
DA:181,0
DA:182,0
DA:183,0
DA:184,0
DA:185,0
DA:186,0
DA:187,0
DA:188,0
DA:189,0
DA:190,0
DA:191,0
DA:192,0
DA:193,0
DA:194,0
DA:195,1
DA:196,1
DA:197,0
DA:198,0
DA:199,0
DA:200,0
DA:201,0
DA:202,0
DA:203,0
DA:204,0
DA:205,0
DA:206,0
DA:207,0
DA:208,0
DA:209,0
DA:210,0
DA:211,0
DA:212,0
DA:213,0
DA:214,0
DA:215,0
DA:216,0
DA:217,0
DA:218,0
DA:219,0
DA:220,0
DA:221,0
DA:222,0
DA:223,0
DA:224,0
DA:225,0
DA:226,0
DA:227,0
DA:228,0
DA:229,0
DA:230,0
DA:231,1
DA:232,1
DA:233,0
DA:234,0
DA:235,0
DA:236,0
DA:237,0
DA:238,0
DA:239,0
DA:240,0
DA:241,0
DA:242,0
DA:243,0
DA:244,0
DA:245,0
DA:246,0
DA:247,0
DA:248,0
DA:249,0
DA:250,0
DA:251,0
DA:252,0
DA:253,0
DA:254,0
DA:255,0
DA:256,0
DA:257,0
DA:258,0
DA:259,0
DA:260,0
DA:261,0
DA:262,0
DA:263,0
DA:264,0
DA:265,0
DA:266,0
DA:267,0
LF:267
LH:128
BRDA:20,0,0,1
BRDA:28,1,0,0
BRDA:36,2,0,0
BRDA:45,3,0,0
BRDA:55,4,0,0
BRDA:86,5,0,0
BRDA:105,6,0,3
BRDA:112,7,0,0
BRDA:120,8,0,1
BRDA:123,9,0,2
BRDA:127,10,0,1
BRDA:132,11,0,2
BRDA:139,12,0,0
BRDA:159,13,0,0
BRF:14
BRH:6
end_of_record
TN:
SF:src/email/emailVerification.ts
FN:3,forgotPasswordVerification
FNF:1
FNH:0
FNDA:0,forgotPasswordVerification
DA:1,1
DA:2,1
DA:3,0
DA:4,0
DA:5,0
DA:6,0
DA:7,0
DA:8,0
DA:9,0
DA:10,0
DA:11,0
DA:12,0
DA:13,0
DA:14,0
DA:15,0
DA:16,0
DA:17,0
DA:18,0
LF:18
LH:2
BRF:0
BRH:0
end_of_record
TN:
SF:src/models/user.ts
FNF:0
FNH:0
DA:1,1
DA:2,1
DA:3,1
DA:4,1
DA:5,1
DA:6,1
DA:7,1
DA:8,1
DA:9,1
DA:10,1
DA:11,1
DA:12,1
DA:13,1
DA:14,1
DA:15,1
DA:16,1
DA:17,1
DA:18,1
DA:19,1
DA:20,1
DA:21,1
DA:22,1
DA:23,1
DA:24,1
DA:25,1
DA:26,1
DA:27,1
DA:28,1
DA:29,1
DA:30,1
DA:31,1
DA:32,1
DA:33,1
DA:34,1
DA:35,1
DA:36,1
DA:37,1
DA:38,1
DA:39,1
DA:40,1
DA:41,1
DA:42,1
DA:43,1
DA:44,1
DA:45,1
DA:46,1
DA:47,1
DA:48,1
DA:49,1
DA:50,1
DA:51,1
DA:52,1
DA:53,1
DA:54,1
DA:55,1
DA:56,1
DA:57,1
DA:58,1
DA:59,1
DA:60,1
DA:61,1
DA:62,1
LF:62
LH:62
BRF:0
BRH:0
end_of_record
TN:
SF:src/routes/user.ts
FNF:0
FNH:0
DA:1,1
DA:2,1
DA:3,1
DA:4,1
DA:5,1
DA:6,1
DA:7,1
DA:8,1
DA:9,0
DA:10,0
DA:11,0
DA:12,0
DA:13,1
DA:14,1
DA:15,1
DA:16,1
DA:17,1
DA:18,1
DA:19,1
DA:20,1
DA:21,1
LF:21
LH:17
BRF:0
BRH:0
end_of_record
TN:
SF:src/utils/utils.ts
FN:5,generateToken
FNF:1
FNH:1
FNDA:2,generateToken
DA:1,1
DA:2,1
DA:3,1
DA:4,1
DA:5,1
DA:6,2
DA:7,2
DA:8,2
LF:8
LH:8
BRDA:5,0,0,2
BRF:1
BRH:1
end_of_record
TN:
SF:src/utils/validation.ts
FN:36,generateToken
FNF:1
FNH:0
FNDA:0,generateToken
DA:1,1
DA:2,1
DA:3,1
DA:4,1
DA:5,1
DA:6,1
DA:7,1
DA:8,1
DA:9,1
DA:10,1
DA:11,1
DA:12,1
DA:13,1
DA:14,1
DA:15,1
DA:16,1
DA:17,1
DA:18,1
DA:19,1
DA:20,1
DA:21,1
DA:22,1
DA:23,1
DA:24,1
DA:25,1
DA:26,1
DA:27,1
DA:28,1
DA:29,1
DA:30,1
DA:31,1
DA:32,1
DA:33,1
DA:34,1
DA:35,1
DA:36,1
DA:37,0
DA:38,0
DA:39,0
DA:40,1
DA:41,1
DA:42,1
DA:43,1
DA:44,1
DA:45,1
DA:46,1
DA:47,1
DA:48,1
DA:49,1
DA:50,1
DA:51,1
DA:52,1
DA:53,1
DA:54,1
DA:55,1
DA:56,1
DA:57,1
DA:58,1
DA:59,1
DA:60,1
DA:61,1
DA:62,1
DA:63,1
DA:64,1
DA:65,1
DA:66,1
DA:67,1
DA:68,1
DA:69,1
LF:69
LH:66
BRF:0
BRH:0
end_of_record
